<?xml version="1.0" encoding="UTF-8"?>
<testng-results ignored="0" total="3" passed="2" failed="1" skipped="0">
  <reporter-output>
  </reporter-output>
  <suite started-at="2021-08-10T00:24:21 IST" name="Default suite" finished-at="2021-08-10T00:24:59 IST" duration-ms="37322">
    <groups>
    </groups>
    <test started-at="2021-08-10T00:24:21 IST" name="Default test" finished-at="2021-08-10T00:24:59 IST" duration-ms="37322">
      <class name="testFacebook.TestFacebook">
        <test-method is-config="true" signature="launchBrowser()[pri:0, instance:testFacebook.TestFacebook@1283bb96]" started-at="2021-08-10T00:24:21 IST" name="launchBrowser" finished-at="2021-08-10T00:24:30 IST" duration-ms="8939" status="PASS">
          <reporter-output>
          </reporter-output>
        </test-method> <!-- launchBrowser -->
        <test-method signature="searchForFacebook()[pri:0, instance:testFacebook.TestFacebook@1283bb96]" started-at="2021-08-10T00:24:30 IST" name="searchForFacebook" finished-at="2021-08-10T00:24:43 IST" duration-ms="13119" status="PASS">
          <reporter-output>
          </reporter-output>
        </test-method> <!-- searchForFacebook -->
        <test-method signature="tryToSignIn()[pri:1, instance:testFacebook.TestFacebook@1283bb96]" started-at="2021-08-10T00:24:43 IST" name="tryToSignIn" finished-at="2021-08-10T00:24:55 IST" duration-ms="11128" status="PASS">
          <reporter-output>
          </reporter-output>
        </test-method> <!-- tryToSignIn -->
        <test-method signature="verifyPageTitle()[pri:2, instance:testFacebook.TestFacebook@1283bb96]" started-at="2021-08-10T00:24:55 IST" name="verifyPageTitle" finished-at="2021-08-10T00:24:57 IST" duration-ms="2047" status="FAIL">
          <exception class="java.lang.AssertionError">
            <message>
              <![CDATA[expected [Facebook] but found [Log in to Facebook]]]>
            </message>
            <full-stacktrace>
              <![CDATA[java.lang.AssertionError: expected [Facebook] but found [Log in to Facebook]
at org.testng.Assert.fail(Assert.java:99)
at org.testng.Assert.failNotEquals(Assert.java:1037)
at org.testng.Assert.assertEqualsImpl(Assert.java:140)
at org.testng.Assert.assertEquals(Assert.java:122)
at org.testng.Assert.assertEquals(Assert.java:629)
at org.testng.Assert.assertEquals(Assert.java:639)
at testFacebook.TestFacebook.verifyPageTitle(TestFacebook.java:56)
at java.base/jdk.internal.reflect.NativeMethodAccessorImpl.invoke0(Native Method)
at java.base/jdk.internal.reflect.NativeMethodAccessorImpl.invoke(NativeMethodAccessorImpl.java:78)
at java.base/jdk.internal.reflect.DelegatingMethodAccessorImpl.invoke(DelegatingMethodAccessorImpl.java:43)
at java.base/java.lang.reflect.Method.invoke(Method.java:567)
at org.testng.internal.MethodInvocationHelper.invokeMethod(MethodInvocationHelper.java:133)
at org.testng.internal.TestInvoker.invokeMethod(TestInvoker.java:598)
at org.testng.internal.TestInvoker.invokeTestMethod(TestInvoker.java:173)
at org.testng.internal.MethodRunner.runInSequence(MethodRunner.java:46)
at org.testng.internal.TestInvoker$MethodInvocationAgent.invoke(TestInvoker.java:824)
at org.testng.internal.TestInvoker.invokeTestMethods(TestInvoker.java:146)
at org.testng.internal.TestMethodWorker.invokeTestMethods(TestMethodWorker.java:146)
at org.testng.internal.TestMethodWorker.run(TestMethodWorker.java:128)
at java.base/java.util.ArrayList.forEach(ArrayList.java:1511)
at org.testng.TestRunner.privateRun(TestRunner.java:794)
at org.testng.TestRunner.run(TestRunner.java:596)
at org.testng.SuiteRunner.runTest(SuiteRunner.java:377)
at org.testng.SuiteRunner.runSequentially(SuiteRunner.java:371)
at org.testng.SuiteRunner.privateRun(SuiteRunner.java:332)
at org.testng.SuiteRunner.run(SuiteRunner.java:276)
at org.testng.SuiteRunnerWorker.runSuite(SuiteRunnerWorker.java:53)
at org.testng.SuiteRunnerWorker.run(SuiteRunnerWorker.java:96)
at org.testng.TestNG.runSuitesSequentially(TestNG.java:1212)
at org.testng.TestNG.runSuitesLocally(TestNG.java:1134)
at org.testng.TestNG.runSuites(TestNG.java:1063)
at org.testng.TestNG.run(TestNG.java:1031)
at org.testng.remote.AbstractRemoteTestNG.run(AbstractRemoteTestNG.java:115)
at org.testng.remote.RemoteTestNG.initAndRun(RemoteTestNG.java:251)
at org.testng.remote.RemoteTestNG.main(RemoteTestNG.java:77)
]]>
            </full-stacktrace>
          </exception> <!-- java.lang.AssertionError -->
          <reporter-output>
          </reporter-output>
        </test-method> <!-- verifyPageTitle -->
        <test-method is-config="true" signature="terminateBrowser()[pri:0, instance:testFacebook.TestFacebook@1283bb96]" started-at="2021-08-10T00:24:57 IST" name="terminateBrowser" finished-at="2021-08-10T00:24:59 IST" duration-ms="1965" status="PASS">
          <reporter-output>
          </reporter-output>
        </test-method> <!-- terminateBrowser -->
      </class> <!-- testFacebook.TestFacebook -->
    </test> <!-- Default test -->
  </suite> <!-- Default suite -->
</testng-results>
